<?xml version="1.0" encoding="UTF-8"?>
<!-- Generated by org.testng.reporters.JUnitXMLReporter -->
<testsuite ignored="0" hostname="YashRav" failures="0" tests="3" name="Web" time="18.679" errors="0" timestamp="2023-03-30T17:15:47 IST">
  <testcase classname="com.flipkart.qa.testcases.LoginTest" name="verfiyLoginWithValidCredentials" time="1.717"/>
  <testcase classname="com.flipkart.qa.testcases.LoginTest" name="verfiyLoginWithValidCredentials" time="1.481"/>
  <testcase classname="com.flipkart.qa.testcases.RegisterTest" name="registerNewUser" time="0.0"/>
</testsuite> <!-- Web -->
