<?xml version="1.0" encoding="UTF-8"?>
<testng-results ignored="0" total="3" passed="3" failed="0" skipped="0">
  <reporter-output>
  </reporter-output>
  <suite started-at="2023-03-30T17:15:27 IST" name="Flipkart Web Suite" finished-at="2023-03-30T17:15:46 IST" duration-ms="18679">
    <groups>
    </groups>
    <test started-at="2023-03-30T17:15:27 IST" name="Web" finished-at="2023-03-30T17:15:46 IST" duration-ms="18679">
      <class name="com.flipkart.qa.testcases.LoginTest">
        <test-method is-config="true" signature="setup()[pri:0, instance:com.flipkart.qa.testcases.LoginTest@6eda5c9]" started-at="2023-03-30T17:15:28 IST" name="setup" finished-at="2023-03-30T17:15:36 IST" duration-ms="7214" status="PASS">
          <reporter-output>
          </reporter-output>
        </test-method> <!-- setup -->
        <test-method signature="verfiyLoginWithValidCredentials(java.lang.String,java.lang.String)[pri:0, instance:com.flipkart.qa.testcases.LoginTest@6eda5c9]" started-at="2023-03-30T17:15:36 IST" name="verfiyLoginWithValidCredentials" data-provider="validLoginCredentials" finished-at="2023-03-30T17:15:37 IST" duration-ms="1717" status="PASS">
          <params>
            <param index="0">
              <value>
                <![CDATA[gauravbhamare24@gmail.com]]>
              </value>
            </param>
            <param index="1">
              <value>
                <![CDATA[abcd123#]]>
              </value>
            </param>
          </params>
          <reporter-output>
          </reporter-output>
        </test-method> <!-- verfiyLoginWithValidCredentials -->
        <test-method is-config="true" signature="tearDown()[pri:0, instance:com.flipkart.qa.testcases.LoginTest@6eda5c9]" started-at="2023-03-30T17:15:37 IST" name="tearDown" finished-at="2023-03-30T17:15:38 IST" duration-ms="356" status="PASS">
          <reporter-output>
          </reporter-output>
        </test-method> <!-- tearDown -->
        <test-method is-config="true" signature="setup()[pri:0, instance:com.flipkart.qa.testcases.LoginTest@6eda5c9]" started-at="2023-03-30T17:15:38 IST" name="setup" finished-at="2023-03-30T17:15:44 IST" duration-ms="6105" status="PASS">
          <reporter-output>
          </reporter-output>
        </test-method> <!-- setup -->
        <test-method signature="verfiyLoginWithValidCredentials(java.lang.String,java.lang.String)[pri:0, instance:com.flipkart.qa.testcases.LoginTest@6eda5c9]" started-at="2023-03-30T17:15:44 IST" name="verfiyLoginWithValidCredentials" data-provider="validLoginCredentials" finished-at="2023-03-30T17:15:45 IST" duration-ms="1481" status="PASS">
          <params>
            <param index="0">
              <value>
                <![CDATA[gauravbhamare2424@gmail.com]]>
              </value>
            </param>
            <param index="1">
              <value>
                <![CDATA[1234#@!]]>
              </value>
            </param>
          </params>
          <reporter-output>
          </reporter-output>
        </test-method> <!-- verfiyLoginWithValidCredentials -->
        <test-method is-config="true" signature="tearDown()[pri:0, instance:com.flipkart.qa.testcases.LoginTest@6eda5c9]" started-at="2023-03-30T17:15:45 IST" name="tearDown" finished-at="2023-03-30T17:15:46 IST" duration-ms="306" status="PASS">
          <reporter-output>
          </reporter-output>
        </test-method> <!-- tearDown -->
      </class> <!-- com.flipkart.qa.testcases.LoginTest -->
      <class name="com.flipkart.qa.testcases.RegisterTest">
        <test-method signature="registerNewUser()[pri:0, instance:com.flipkart.qa.testcases.RegisterTest@6356695f]" started-at="2023-03-30T17:15:46 IST" name="registerNewUser" finished-at="2023-03-30T17:15:46 IST" duration-ms="0" status="PASS">
          <reporter-output>
          </reporter-output>
        </test-method> <!-- registerNewUser -->
      </class> <!-- com.flipkart.qa.testcases.RegisterTest -->
    </test> <!-- Web -->
  </suite> <!-- Flipkart Web Suite -->
</testng-results>
